<?xml version="1.0" encoding="UTF-8"?>
<testng-results ignored="0" total="1" passed="1" failed="0" skipped="0">
  <reporter-output>
  </reporter-output>
  <suite started-at="2022-08-18T10:31:39 IST" name="Default suite" finished-at="2022-08-18T10:31:42 IST" duration-ms="3367">
    <groups>
    </groups>
    <test started-at="2022-08-18T10:31:39 IST" name="Default test" finished-at="2022-08-18T10:31:42 IST" duration-ms="3367">
      <class name="rahulshettyacademy.Reports.ExtentReportDemo">
        <test-method is-config="true" signature="config()[pri:0, instance:rahulshettyacademy.Reports.ExtentReportDemo@6c80d78a]" started-at="2022-08-18T10:31:39 IST" name="config" finished-at="2022-08-18T10:31:39 IST" duration-ms="169" status="PASS">
          <reporter-output>
          </reporter-output>
        </test-method> <!-- config -->
        <test-method signature="initialDemo()[pri:0, instance:rahulshettyacademy.Reports.ExtentReportDemo@6c80d78a]" started-at="2022-08-18T10:31:39 IST" name="initialDemo" finished-at="2022-08-18T10:31:42 IST" duration-ms="3174" status="PASS">
          <reporter-output>
          </reporter-output>
        </test-method> <!-- initialDemo -->
      </class> <!-- rahulshettyacademy.Reports.ExtentReportDemo -->
    </test> <!-- Default test -->
  </suite> <!-- Default suite -->
</testng-results>
